

HI-TECH Software PIC LITE Macro Assembler V9.83 build 10920 
                                                                                               Wed Dec 07 16:34:33 2011

HI-TECH Software Omniscient Code Generator (Lite mode) build 10920
     1  0000                     opt subtitle "HI-TECH Software Omniscient Code Generator (Lite mode) build 10920"
     2                           
     3                           opt pagewidth 120
     4                           
     5                           	opt lm
     6                           
     7                           	processor	16F874A
     8                           clrc	macro
     9                           	bcf	3,0
    10  0000                     	endm
    11                           clrz	macro
    12                           	bcf	3,2
    13  0000                     	endm
    14                           setc	macro
    15                           	bsf	3,0
    16  0000                     	endm
    17                           setz	macro
    18                           	bsf	3,2
    19  0000                     	endm
    20                           skipc	macro
    21                           	btfss	3,0
    22  0000                     	endm
    23                           skipz	macro
    24                           	btfss	3,2
    25  0000                     	endm
    26                           skipnc	macro
    27                           	btfsc	3,0
    28  0000                     	endm
    29                           skipnz	macro
    30                           	btfsc	3,2
    31  0000                     	endm
    32  0000                     indf	equ	0
    33  0000                     indf0	equ	0
    34  0002                     pc	equ	2
    35  0002                     pcl	equ	2
    36  0003                     status	equ	3
    37  0004                     fsr	equ	4
    38  0004                     fsr0	equ	4
    39  0001                     c	equ	1
    40  0000                     z	equ	0
    41  000A                     pclath	equ	10
    42                           	FNCALL	_main,__delay_ms
    43                           	FNCALL	_main,_delay
    44                           	FNROOT	_main
    45                           	global	_PORTC
    46                           psect	text141,local,class=CODE,delta=2
    47                           global __ptext141
    48  0000                     __ptext141:
    49  0007                     _PORTC	set	7
    50                           	global	_CARRY
    51  0018                     _CARRY	set	24
    52                           	global	_GIE
    53  005F                     _GIE	set	95
    54                           	global	_TRISC
    55  0087                     _TRISC	set	135
    56                           	global	_EEADR
    57  010D                     _EEADR	set	269
    58                           	global	_EEDATA
    59  010C                     _EEDATA	set	268
    60                           	global	_EECON1
    61  018C                     _EECON1	set	396
    62                           	global	_EECON2
    63  018D                     _EECON2	set	397
    64                           	global	_RD
    65  0C60                     _RD	set	3168
    66                           	global	_WR
    67  0C61                     _WR	set	3169
    68                           	global	_WREN
    69  0C62                     _WREN	set	3170
    70                           	file	"pratica1.as"
    71                           	line	#
    72                           psect cinit,class=CODE,delta=2
    73                           global start_initialization
    74  06F7                     start_initialization:
    75                           
    76                           psect cinit,class=CODE,delta=2
    77                           global end_of_initialization
    78                           
    79                           ;End of C runtime variable initialization code
    80                           
    81  06F7                     end_of_initialization:
    82  06F7  0183               clrf status
    83  06F8  118A  2F69         ljmp _main	;jump to C main() function
    84                           psect	cstackCOMMON,class=COMMON,space=1
    85                           global __pcstackCOMMON
    86  0000                     __pcstackCOMMON:
    87                           	global	??__delay_ms
    88  0000                     ??__delay_ms:	; 0 bytes @ 0x0
    89                           	global	??_main
    90  0000                     ??_main:	; 0 bytes @ 0x0
    91                           psect	cstackBANK0,class=BANK0,space=1
    92                           global __pcstackBANK0
    93  0020                     __pcstackBANK0:
    94                           	global	?_delay
    95  0020                     ?_delay:	; 0 bytes @ 0x0
    96                           	global	?__delay_ms
    97  0020                     ?__delay_ms:	; 2 bytes @ 0x0
    98                           	global	?_main
    99  0020                     ?_main:	; 2 bytes @ 0x0
   100                           	global	delay@x
   101  0020                     delay@x:	; 4 bytes @ 0x0
   102  0020                     	ds	4
   103                           	global	??_delay
   104  0024                     ??_delay:	; 0 bytes @ 0x4
   105  0024                     	ds	4
   106                           	global	delay@i
   107  0028                     delay@i:	; 4 bytes @ 0x8
   108  0028                     	ds	4
   109                           	global	main@ch
   110  002C                     main@ch:	; 2 bytes @ 0xC
   111  002C                     	ds	2
   112                           	global	main@n
   113  002E                     main@n:	; 2 bytes @ 0xE
   114  002E                     	ds	2
   115 ;;Data sizes: Strings 0, constant 0, data 0, bss 0, persistent 0 stack 0
   116 ;;Auto spaces:   Size  Autos    Used
   117 ;; COMMON           0      0       0
   118 ;; BANK0           94     16      16
   119 ;; BANK1           94      0       0
   120                           
   121 ;;
   122 ;; Pointer list with targets:
   123                           
   124                           
   125                           
   126 ;;
   127 ;; Critical Paths under _main in COMMON
   128 ;;
   129 ;;   None.
   130 ;;
   131 ;; Critical Paths under _main in BANK0
   132 ;;
   133 ;;   _main->_delay
   134 ;;
   135 ;; Critical Paths under _main in BANK1
   136 ;;
   137 ;;   None.
   138                           
   139 ;;
   140 ;;Main: autosize = 0, tempsize = 0, incstack = 0, save=0
   141 ;;
   142                           
   143 ;;
   144 ;;Call Graph Tables:
   145 ;;
   146 ;; ---------------------------------------------------------------------------------
   147 ;; (Depth) Function   	        Calls       Base Space   Used Autos Params    Refs
   148 ;; ---------------------------------------------------------------------------------
   149 ;; (0) _main                                                 4     4      0     186
   150 ;;                                             12 BANK0      4     4      0
   151 ;;                          __delay_ms
   152 ;;                              _delay
   153 ;; ---------------------------------------------------------------------------------
   154 ;; (1) __delay_ms                                            2     0      2       0
   155 ;;                                              0 BANK0      2     0      2
   156 ;; ---------------------------------------------------------------------------------
   157 ;; (1) _delay                                               12     8      4      91
   158 ;;                                              0 BANK0     12     8      4
   159 ;; ---------------------------------------------------------------------------------
   160 ;; Estimated maximum stack depth 1
   161 ;; ---------------------------------------------------------------------------------
   162                           
   163 ;; Call Graph Graphs:
   164                           
   165 ;; _main (ROOT)
   166 ;;   __delay_ms
   167 ;;   _delay
   168 ;;
   169                           
   170 ;; Address spaces:
   171                           
   172 ;;Name               Size   Autos  Total    Cost      Usage
   173 ;;BITCOMMON            0      0       0       0        0.0%
   174 ;;EEDATA              80      0       0       0        0.0%
   175 ;;NULL                 0      0       0       0        0.0%
   176 ;;CODE                 0      0       0       0        0.0%
   177 ;;BITSFR0              0      0       0       1        0.0%
   178 ;;SFR0                 0      0       0       1        0.0%
   179 ;;COMMON               0      0       0       1        0.0%
   180 ;;BITSFR1              0      0       0       2        0.0%
   181 ;;SFR1                 0      0       0       2        0.0%
   182 ;;STACK                0      0       1       2        0.0%
   183 ;;BITBANK0            5E      0       0       3        0.0%
   184 ;;BANK0               5E     10      10       4       17.0%
   185 ;;BITSFR3              0      0       0       4        0.0%
   186 ;;SFR3                 0      0       0       4        0.0%
   187 ;;BITBANK1            5E      0       0       5        0.0%
   188 ;;BITSFR2              0      0       0       5        0.0%
   189 ;;SFR2                 0      0       0       5        0.0%
   190 ;;BANK1               5E      0       0       6        0.0%
   191 ;;ABS                  0      0       0       7        0.0%
   192 ;;DATA                 0      0       0       8        0.0%
   193                           
   194                           	global	_main
   195                           psect	maintext,global,class=CODE,delta=2
   196                           global __pmaintext
   197  0769                     __pmaintext:
   198                           
   199 ;; *************** function _main *****************
   200 ;; Defined at:
   201 ;;		line 13 in file "C:\projetos\pratica1\src\main.c"
   202 ;; Parameters:    Size  Location     Type
   203 ;;		None
   204 ;; Auto vars:     Size  Location     Type
   205 ;;  n               2   14[BANK0 ] int 
   206 ;;  ch              2   12[BANK0 ] int 
   207 ;; Return value:  Size  Location     Type
   208 ;;                  2  693[BANK0 ] int 
   209 ;; Registers used:
   210 ;;		wreg, fsr0l, fsr0h, fsr1l, fsr1h, status,2, status,0, btemp+1, pclath, cstack
   211 ;; Tracked objects:
   212 ;;		On entry : 17F/0
   213 ;;		On exit  : 0/0
   214 ;;		Unchanged: 0/0
   215 ;; Data sizes:     COMMON   BANK0   BANK1
   216 ;;      Params:         0       0       0
   217 ;;      Locals:         0       4       0
   218 ;;      Temps:          0       0       0
   219 ;;      Totals:         0       4       0
   220 ;;Total ram usage:        4 bytes
   221 ;; Hardware stack levels required when called:    1
   222 ;; This function calls:
   223 ;;		__delay_ms
   224 ;;		_delay
   225 ;; This function is called by:
   226 ;;		Startup code after reset
   227 ;; This function uses a non-reentrant model
   228 ;;
   229                           psect	maintext
   230                           	file	"C:\projetos\pratica1\src\main.c"
   231                           	line	13
   232                           	global	__size_of_main
   233  0097                     	__size_of_main	equ	__end_of_main-_main
   234                           	
   235  0769                     _main:	
   236                           	opt	stack 7
   237                           ; Regs used in _main: [allreg]
   238                           	line	15
   239                           	
   240  0769                     l2694:	
   241                           ;main.c: 14: int ch,n;
   242                           ;main.c: 15: TRISC = 0x00;
   243  0769  1683               	bsf	status, 5	;RP0=1, select bank1
   244  076A  1303               	bcf	status, 6	;RP1=0, select bank1
   245  076B  0187               	clrf	(135)^080h	;volatile
   246                           	line	16
   247                           ;main.c: 16: PORTC = 0x00;
   248  076C  1283               	bcf	status, 5	;RP0=0, select bank0
   249  076D  1303               	bcf	status, 6	;RP1=0, select bank0
   250  076E  0187               	clrf	(7)	;volatile
   251                           	line	17
   252                           ;main.c: 17: PORTC = 0b00000000;
   253  076F  0187               	clrf	(7)	;volatile
   254                           	line	18
   255                           	
   256  0770                     l2696:	
   257                           ;main.c: 18: ch=1;
   258  0770  3001               	movlw	low(01h)
   259  0771  00AC               	movwf	(main@ch)
   260  0772  3000               	movlw	high(01h)
   261  0773  00AD               	movwf	((main@ch))+1
   262                           	line	20
   263                           	
   264  0774                     l2698:	
   265                           ;main.c: 20: _delay_ms(100);
   266  0774  3064               	movlw	low(064h)
   267  0775  00A0               	movwf	(?__delay_ms)
   268  0776  3000               	movlw	high(064h)
   269  0777  00A1               	movwf	((?__delay_ms))+1
   270  0778  118A  2000  118A   	fcall	__delay_ms
   271  077B  2FDD               	goto	l2726
   272                           	line	22
   273                           ;main.c: 22: while(1)
   274                           	
   275  077C                     l694:	
   276                           	line	24
   277                           ;main.c: 23: {
   278                           ;main.c: 24: switch(ch){
   279  077C  2FDD               	goto	l2726
   280                           	line	26
   281                           ;main.c: 26: case 1:
   282                           	
   283  077D                     l696:	
   284                           	line	28
   285                           	
   286  077D                     l2700:	
   287                           ;main.c: 28: if( ++n > 30 )
   288  077D  3001               	movlw	low(01h)
   289  077E  1283               	bcf	status, 5	;RP0=0, select bank0
   290  077F  1303               	bcf	status, 6	;RP1=0, select bank0
   291  0780  07AE               	addwf	(main@n),f
   292  0781  1803               	skipnc
   293  0782  0AAF               	incf	(main@n+1),f
   294  0783  3000               	movlw	high(01h)
   295  0784  07AF               	addwf	(main@n+1),f
   296  0785  082F               	movf	((main@n+1)),w
   297  0786  3A80               	xorlw	80h
   298  0787  00FF               	movwf	btemp+1
   299  0788  3080               	movlw	(high(01Fh))^80h
   300  0789  027F               	subwf	btemp+1,w
   301  078A  1D03               	skipz
   302  078B  2F8E               	goto	u2355
   303  078C  301F               	movlw	low(01Fh)
   304  078D  022E               	subwf	((main@n)),w
   305  078E                     u2355:
   306                           
   307  078E  1C03               	skipc
   308  078F  2F91               	goto	u2351
   309  0790  2F92               	goto	u2350
   310  0791                     u2351:
   311  0791  2FEF               	goto	l2728
   312  0792                     u2350:
   313                           	line	30
   314                           	
   315  0792                     l2702:	
   316                           ;main.c: 29: {
   317                           ;main.c: 30: PORTC = 0b00001001;
   318  0792  3009               	movlw	(09h)
   319  0793  1283               	bcf	status, 5	;RP0=0, select bank0
   320  0794  1303               	bcf	status, 6	;RP1=0, select bank0
   321  0795  0087               	movwf	(7)	;volatile
   322                           	line	31
   323                           	
   324  0796                     l2704:	
   325                           ;main.c: 31: n = 0;
   326  0796  01AE               	clrf	(main@n)
   327  0797  01AF               	clrf	(main@n+1)
   328                           	line	32
   329                           	
   330  0798                     l2706:	
   331                           ;main.c: 32: ch=2;
   332  0798  3002               	movlw	low(02h)
   333  0799  00AC               	movwf	(main@ch)
   334  079A  3000               	movlw	high(02h)
   335  079B  00AD               	movwf	((main@ch))+1
   336  079C  2FEF               	goto	l2728
   337                           	line	33
   338                           	
   339  079D                     l697:	
   340                           	line	35
   341                           ;main.c: 33: }
   342                           ;main.c: 35: break;
   343  079D  2FEF               	goto	l2728
   344                           	line	37
   345                           ;main.c: 37: case 2:
   346                           	
   347  079E                     l699:	
   348                           	line	39
   349                           	
   350  079E                     l2708:	
   351                           ;main.c: 39: if( ++n > 30 )
   352  079E  3001               	movlw	low(01h)
   353  079F  07AE               	addwf	(main@n),f
   354  07A0  1803               	skipnc
   355  07A1  0AAF               	incf	(main@n+1),f
   356  07A2  3000               	movlw	high(01h)
   357  07A3  07AF               	addwf	(main@n+1),f
   358  07A4  082F               	movf	((main@n+1)),w
   359  07A5  3A80               	xorlw	80h
   360  07A6  00FF               	movwf	btemp+1
   361  07A7  3080               	movlw	(high(01Fh))^80h
   362  07A8  027F               	subwf	btemp+1,w
   363  07A9  1D03               	skipz
   364  07AA  2FAD               	goto	u2365
   365  07AB  301F               	movlw	low(01Fh)
   366  07AC  022E               	subwf	((main@n)),w
   367  07AD                     u2365:
   368                           
   369  07AD  1C03               	skipc
   370  07AE  2FB0               	goto	u2361
   371  07AF  2FB1               	goto	u2360
   372  07B0                     u2361:
   373  07B0  2FEF               	goto	l2728
   374  07B1                     u2360:
   375                           	line	41
   376                           	
   377  07B1                     l2710:	
   378                           ;main.c: 40: {
   379                           ;main.c: 41: n=0;
   380  07B1  1283               	bcf	status, 5	;RP0=0, select bank0
   381  07B2  1303               	bcf	status, 6	;RP1=0, select bank0
   382  07B3  01AE               	clrf	(main@n)
   383  07B4  01AF               	clrf	(main@n+1)
   384                           	line	42
   385                           	
   386  07B5                     l2712:	
   387                           ;main.c: 42: PORTC = 0b00100100;
   388  07B5  3024               	movlw	(024h)
   389  07B6  0087               	movwf	(7)	;volatile
   390                           	line	43
   391                           	
   392  07B7                     l2714:	
   393                           ;main.c: 43: ch=3;
   394  07B7  3003               	movlw	low(03h)
   395  07B8  00AC               	movwf	(main@ch)
   396  07B9  3000               	movlw	high(03h)
   397  07BA  00AD               	movwf	((main@ch))+1
   398  07BB  2FEF               	goto	l2728
   399                           	line	44
   400                           	
   401  07BC                     l700:	
   402                           	line	46
   403                           ;main.c: 44: }
   404                           ;main.c: 46: break;
   405  07BC  2FEF               	goto	l2728
   406                           	line	48
   407                           ;main.c: 48: case 3:
   408                           	
   409  07BD                     l701:	
   410                           	line	50
   411                           	
   412  07BD                     l2716:	
   413                           ;main.c: 50: if( ++n >= 5)
   414  07BD  3001               	movlw	low(01h)
   415  07BE  07AE               	addwf	(main@n),f
   416  07BF  1803               	skipnc
   417  07C0  0AAF               	incf	(main@n+1),f
   418  07C1  3000               	movlw	high(01h)
   419  07C2  07AF               	addwf	(main@n+1),f
   420  07C3  082F               	movf	((main@n+1)),w
   421  07C4  3A80               	xorlw	80h
   422  07C5  00FF               	movwf	btemp+1
   423  07C6  3080               	movlw	(high(05h))^80h
   424  07C7  027F               	subwf	btemp+1,w
   425  07C8  1D03               	skipz
   426  07C9  2FCC               	goto	u2375
   427  07CA  3005               	movlw	low(05h)
   428  07CB  022E               	subwf	((main@n)),w
   429  07CC                     u2375:
   430                           
   431  07CC  1C03               	skipc
   432  07CD  2FCF               	goto	u2371
   433  07CE  2FD0               	goto	u2370
   434  07CF                     u2371:
   435  07CF  2FEF               	goto	l2728
   436  07D0                     u2370:
   437                           	line	52
   438                           	
   439  07D0                     l2718:	
   440                           ;main.c: 51: {
   441                           ;main.c: 52: n=0;
   442  07D0  1283               	bcf	status, 5	;RP0=0, select bank0
   443  07D1  1303               	bcf	status, 6	;RP1=0, select bank0
   444  07D2  01AE               	clrf	(main@n)
   445  07D3  01AF               	clrf	(main@n+1)
   446                           	line	53
   447                           	
   448  07D4                     l2720:	
   449                           ;main.c: 53: PORTC = 0b000010010;
   450  07D4  3012               	movlw	(012h)
   451  07D5  0087               	movwf	(7)	;volatile
   452                           	line	54
   453                           	
   454  07D6                     l2722:	
   455                           ;main.c: 54: ch=1;
   456  07D6  3001               	movlw	low(01h)
   457  07D7  00AC               	movwf	(main@ch)
   458  07D8  3000               	movlw	high(01h)
   459  07D9  00AD               	movwf	((main@ch))+1
   460  07DA  2FEF               	goto	l2728
   461                           	line	55
   462                           	
   463  07DB                     l702:	
   464                           	line	57
   465                           ;main.c: 55: }
   466                           ;main.c: 57: break;
   467  07DB  2FEF               	goto	l2728
   468                           	line	58
   469                           	
   470  07DC                     l2724:	
   471                           ;main.c: 58: }
   472  07DC  2FEF               	goto	l2728
   473                           	line	24
   474                           	
   475  07DD                     l695:	
   476                           	
   477  07DD                     l2726:	
   478                           	; Switch on 2 bytes has been partitioned into a top level switch of size 1, and 1 sub-s
                                 witches
   479                           ; Switch size 1, requested type "space"
   480                           ; Number of cases is 1, Range of values is 0 to 0
   481                           ; switch strategies available:
   482                           ; Name         Instructions Cycles
   483                           ; simple_byte            4     3 (average)
   484                           ; direct_byte            9     7 (fixed)
   485                           ; jumptable            260     6 (fixed)
   486                           ; rangetable             5     6 (fixed)
   487                           ; spacedrange            8     9 (fixed)
   488                           ; locatedrange           1     3 (fixed)
   489                           ;	Chosen strategy is simple_byte
   490                           
   491  07DD  1283               	bcf	status, 5	;RP0=0, select bank0
   492  07DE  1303               	bcf	status, 6	;RP1=0, select bank0
   493  07DF  082D               	movf (main@ch+1),w
   494                           	opt asmopt_off
   495  07E0  3A00               	xorlw	0^0	; case 0
   496  07E1  1903               	skipnz
   497  07E2  2FE4               	goto	l2754
   498  07E3  2FEF               	goto	l2728
   499                           	opt asmopt_on
   500                           	
   501  07E4                     l2754:	
   502                           ; Switch size 1, requested type "space"
   503                           ; Number of cases is 3, Range of values is 1 to 3
   504                           ; switch strategies available:
   505                           ; Name         Instructions Cycles
   506                           ; simple_byte           10     6 (average)
   507                           ; direct_byte           16    10 (fixed)
   508                           ; jumptable            263     9 (fixed)
   509                           ;	Chosen strategy is simple_byte
   510                           
   511  07E4  082C               	movf (main@ch),w
   512                           	opt asmopt_off
   513  07E5  3A01               	xorlw	1^0	; case 1
   514  07E6  1903               	skipnz
   515  07E7  2F7D               	goto	l2700
   516  07E8  3A03               	xorlw	2^1	; case 2
   517  07E9  1903               	skipnz
   518  07EA  2F9E               	goto	l2708
   519  07EB  3A01               	xorlw	3^2	; case 3
   520  07EC  1903               	skipnz
   521  07ED  2FBD               	goto	l2716
   522  07EE  2FEF               	goto	l2728
   523                           	opt asmopt_on
   524                           
   525                           	line	58
   526                           	
   527  07EF                     l698:	
   528                           	line	60
   529                           	
   530  07EF                     l2728:	
   531                           ;main.c: 60: delay(1000);
   532  07EF  3000               	movlw	0
   533  07F0  1283               	bcf	status, 5	;RP0=0, select bank0
   534  07F1  1303               	bcf	status, 6	;RP1=0, select bank0
   535  07F2  00A3               	movwf	(?_delay+3)
   536  07F3  3000               	movlw	0
   537  07F4  00A2               	movwf	(?_delay+2)
   538  07F5  3003               	movlw	03h
   539  07F6  00A1               	movwf	(?_delay+1)
   540  07F7  30E8               	movlw	0E8h
   541  07F8  00A0               	movwf	(?_delay)
   542                           
   543  07F9  118A  26FA  118A   	fcall	_delay
   544  07FC  2FDD               	goto	l2726
   545                           	line	62
   546                           	
   547  07FD                     l703:	
   548                           	line	22
   549  07FD  2FDD               	goto	l2726
   550                           	
   551  07FE                     l704:	
   552                           	line	65
   553                           ;main.c: 62: }
   554                           ;main.c: 64: return 0;
   555                           ;	Return value of _main is never used
   556                           	
   557  07FE                     l705:	
   558                           	global	start
   559  07FE  118A  2800         	ljmp	start
   560                           	opt stack 0
   561                           GLOBAL	__end_of_main
   562  0800                     	__end_of_main:
   563 ;; =============== function _main ends ============
   564                           
   565                           	signat	_main,90
   566                           	global	__delay_ms
   567                           	global	_delay
   568                           psect	text142,local,class=CODE,delta=2
   569                           global __ptext142
   570  06FA                     __ptext142:
   571                           
   572 ;; *************** function _delay *****************
   573 ;; Defined at:
   574 ;;		line 6 in file "C:\projetos\pratica1\src\main.c"
   575 ;; Parameters:    Size  Location     Type
   576 ;;  x               4    0[BANK0 ] unsigned long 
   577 ;; Auto vars:     Size  Location     Type
   578 ;;  i               4    8[BANK0 ] unsigned long 
   579 ;; Return value:  Size  Location     Type
   580 ;;		None               void
   581 ;; Registers used:
   582 ;;		wreg
   583 ;; Tracked objects:
   584 ;;		On entry : 0/0
   585 ;;		On exit  : 0/0
   586 ;;		Unchanged: 0/0
   587 ;; Data sizes:     COMMON   BANK0   BANK1
   588 ;;      Params:         0       4       0
   589 ;;      Locals:         0       4       0
   590 ;;      Temps:          0       4       0
   591 ;;      Totals:         0      12       0
   592 ;;Total ram usage:       12 bytes
   593 ;; Hardware stack levels used:    1
   594 ;; This function calls:
   595 ;;		Nothing
   596 ;; This function is called by:
   597 ;;		_main
   598 ;; This function uses a non-reentrant model
   599 ;;
   600                           psect	text142
   601                           	file	"C:\projetos\pratica1\src\main.c"
   602                           	line	6
   603                           	global	__size_of_delay
   604  006F                     	__size_of_delay	equ	__end_of_delay-_delay
   605                           	
   606  06FA                     _delay:	
   607                           	opt	stack 7
   608                           ; Regs used in _delay: [wreg]
   609                           	line	8
   610                           	
   611  06FA                     l2682:	
   612                           ;main.c: 7: unsigned long i;
   613                           ;main.c: 8: for(i=0;i<50000;i++)
   614  06FA  3000               	movlw	0
   615  06FB  1283               	bcf	status, 5	;RP0=0, select bank0
   616  06FC  1303               	bcf	status, 6	;RP1=0, select bank0
   617  06FD  00AB               	movwf	(delay@i+3)
   618  06FE  3000               	movlw	0
   619  06FF  00AA               	movwf	(delay@i+2)
   620  0700  3000               	movlw	0
   621  0701  00A9               	movwf	(delay@i+1)
   622  0702  3000               	movlw	0
   623  0703  00A8               	movwf	(delay@i)
   624                           
   625  0704  3000               	movlw	0
   626  0705  022B               	subwf	(delay@i+3),w
   627  0706  1D03               	skipz
   628  0707  2F12               	goto	u2305
   629  0708  3000               	movlw	0
   630  0709  022A               	subwf	(delay@i+2),w
   631  070A  1D03               	skipz
   632  070B  2F12               	goto	u2305
   633  070C  30C3               	movlw	0C3h
   634  070D  0229               	subwf	(delay@i+1),w
   635  070E  1D03               	skipz
   636  070F  2F12               	goto	u2305
   637  0710  3050               	movlw	050h
   638  0711  0228               	subwf	(delay@i),w
   639  0712                     u2305:
   640  0712  1C03               	skipc
   641  0713  2F15               	goto	u2301
   642  0714  2F16               	goto	u2300
   643  0715                     u2301:
   644  0715  2F18               	goto	l2686
   645  0716                     u2300:
   646  0716  2F68               	goto	l691
   647                           	
   648  0717                     l2684:	
   649  0717  2F68               	goto	l691
   650                           	line	9
   651                           	
   652  0718                     l687:	
   653                           	
   654  0718                     l2686:	
   655                           ;main.c: 9: for(;x>0;x--);
   656  0718  0823               	movf	(delay@x+3),w
   657  0719  0422               	iorwf	(delay@x+2),w
   658  071A  0421               	iorwf	(delay@x+1),w
   659  071B  0420               	iorwf	(delay@x),w
   660  071C  1D03               	skipz
   661  071D  2F1F               	goto	u2311
   662  071E  2F20               	goto	u2310
   663  071F                     u2311:
   664  071F  2F22               	goto	l2690
   665  0720                     u2310:
   666  0720  2F47               	goto	l2692
   667                           	
   668  0721                     l2688:	
   669  0721  2F47               	goto	l2692
   670                           	
   671  0722                     l689:	
   672                           	
   673  0722                     l2690:	
   674  0722  3001               	movlw	01h
   675  0723  00A4               	movwf	((??_delay+0)+0)
   676  0724  3000               	movlw	0
   677  0725  00A5               	movwf	((??_delay+0)+0+1)
   678  0726  3000               	movlw	0
   679  0727  00A6               	movwf	((??_delay+0)+0+2)
   680  0728  3000               	movlw	0
   681  0729  00A7               	movwf	((??_delay+0)+0+3)
   682  072A  0824               	movf	0+(??_delay+0)+0,w
   683  072B  02A0               	subwf	(delay@x),f
   684  072C  0825               	movf	1+(??_delay+0)+0,w
   685  072D  1C03               	skipc
   686  072E  0F25               	incfsz	1+(??_delay+0)+0,w
   687  072F  2F31               	goto	u2325
   688  0730  2F32               	goto	u2326
   689  0731                     u2325:
   690  0731  02A1               	subwf	(delay@x+1),f
   691  0732                     u2326:
   692  0732  0826               	movf	2+(??_delay+0)+0,w
   693  0733  1C03               	skipc
   694  0734  0F26               	incfsz	2+(??_delay+0)+0,w
   695  0735  2F37               	goto	u2327
   696  0736  2F38               	goto	u2328
   697  0737                     u2327:
   698  0737  02A2               	subwf	(delay@x+2),f
   699  0738                     u2328:
   700  0738  0827               	movf	3+(??_delay+0)+0,w
   701  0739  1C03               	skipc
   702  073A  0F27               	incfsz	3+(??_delay+0)+0,w
   703  073B  2F3D               	goto	u2329
   704  073C  2F3E               	goto	u2320
   705  073D                     u2329:
   706  073D  02A3               	subwf	(delay@x+3),f
   707  073E                     u2320:
   708                           
   709  073E  0823               	movf	(delay@x+3),w
   710  073F  0422               	iorwf	(delay@x+2),w
   711  0740  0421               	iorwf	(delay@x+1),w
   712  0741  0420               	iorwf	(delay@x),w
   713  0742  1D03               	skipz
   714  0743  2F45               	goto	u2331
   715  0744  2F46               	goto	u2330
   716  0745                     u2331:
   717  0745  2F22               	goto	l2690
   718  0746                     u2330:
   719  0746  2F47               	goto	l2692
   720                           	
   721  0747                     l690:	
   722                           	line	8
   723                           	
   724  0747                     l2692:	
   725  0747  3001               	movlw	01h
   726  0748  07A8               	addwf	(delay@i),f
   727  0749  3000               	movlw	0
   728  074A  1803               	skipnc
   729  074B  3001               movlw 1
   730  074C  07A9               	addwf	(delay@i+1),f
   731  074D  3000               	movlw	0
   732  074E  1803               	skipnc
   733  074F  3001               movlw 1
   734  0750  07AA               	addwf	(delay@i+2),f
   735  0751  3000               	movlw	0
   736  0752  1803               	skipnc
   737  0753  3001               movlw 1
   738  0754  07AB               	addwf	(delay@i+3),f
   739  0755  3000               	movlw	0
   740  0756  022B               	subwf	(delay@i+3),w
   741  0757  1D03               	skipz
   742  0758  2F63               	goto	u2345
   743  0759  3000               	movlw	0
   744  075A  022A               	subwf	(delay@i+2),w
   745  075B  1D03               	skipz
   746  075C  2F63               	goto	u2345
   747  075D  30C3               	movlw	0C3h
   748  075E  0229               	subwf	(delay@i+1),w
   749  075F  1D03               	skipz
   750  0760  2F63               	goto	u2345
   751  0761  3050               	movlw	050h
   752  0762  0228               	subwf	(delay@i),w
   753  0763                     u2345:
   754  0763  1C03               	skipc
   755  0764  2F66               	goto	u2341
   756  0765  2F67               	goto	u2340
   757  0766                     u2341:
   758  0766  2F18               	goto	l2686
   759  0767                     u2340:
   760  0767  2F68               	goto	l691
   761                           	
   762  0768                     l688:	
   763                           	line	10
   764                           	
   765  0768                     l691:	
   766  0768  0008               	return
   767                           	opt stack 0
   768                           GLOBAL	__end_of_delay
   769  0769                     	__end_of_delay:
   770 ;; =============== function _delay ends ============
   771                           
   772                           	signat	_delay,4216
   773                           psect	text143,local,class=CODE,delta=2
   774                           global __ptext143
   775  0000                     __ptext143:
   776                           	global	btemp
   777  007E                     	btemp set 07Eh
   778                           
   779                           	DABS	1,126,2	;btemp
   780                           	global	wtemp0
   781  007E                     	wtemp0 set btemp


HI-TECH Software PICC Macro Assembler V9.83 build 10920 
Symbol Table                                                                                   Wed Dec 07 16:34:33 2011

                  _RD 0C60                    _WR 0C61                   l700 07BC                   l701 07BD  
                 l702 07DB                   l703 07FD                   l704 07FE                   l705 07FE  
                 l690 0747                   l691 0768                   l694 077C                   l687 0718  
                 l695 07DD                   l688 0768                   l696 077D                   l689 0722  
                 l697 079D                   l698 07EF                   l699 079E                   _GIE 005F  
                l2700 077D                  l2710 07B1                  l2702 0792                  l2720 07D4  
                l2712 07B5                  l2704 0796                  l2722 07D6                  l2714 07B7  
                l2706 0798                  l2724 07DC                  l2716 07BD                  l2708 079E  
                l2718 07D0                  l2726 07DD                  l2728 07EF                  l2690 0722  
                l2682 06FA                  l2754 07E4                  l2692 0747                  l2684 0717  
                l2686 0718                  l2694 0769                  l2688 0721                  l2696 0770  
                l2698 0774                  u2300 0716                  u2301 0715                  u2310 0720  
                u2311 071F                  u2320 073E                  u2305 0712                  u2330 0746  
                u2331 0745                  u2340 0767                  u2341 0766                  u2325 0731  
                u2326 0732                  u2350 0792                  u2327 0737                  u2351 0791  
                u2328 0738                  u2360 07B1                  u2345 0763                  u2329 073D  
                u2361 07B0                  u2370 07D0                  u2371 07CF                  u2355 078E  
                u2365 07AD                  u2375 07CC                  _WREN 0C62                  _main 0769  
                btemp 007E                  start 0000                 ?_main 0020                 _EEADR 010D  
               _CARRY 0018                 _PORTC 0007                 _TRISC 0087                 _delay 06FA  
               main@n 002E                 status 0003                 wtemp0 007E          __end_of_main 0800  
              ??_main 0000                ?_delay 0020                _EEDATA 010C                _EECON1 018C  
              _EECON2 018D                delay@i 0028                delay@x 0020                main@ch 002C  
      __pcstackCOMMON 0000         __end_of_delay 0769               ??_delay 0024            __pmaintext 0769  
end_of_initialization 06F7   start_initialization 06F7         __pcstackBANK0 0020             __delay_ms 0000  
           __ptext141 0000             __ptext142 06FA             __ptext143 0000            ?__delay_ms 0020  
      __size_of_delay 006F           ??__delay_ms 0000         __size_of_main 0097  
